Backend Server가 실행되었습니다
Port Number 81
익명 님이 접속하였습니다.
익명님이 나가셨습니다.
익명 님이 접속하였습니다.
익명님이 나가셨습니다.
익명 님이 접속하였습니다.
익명님이 나가셨습니다.
익명 님이 접속하였습니다.
Backend Server가 실행되었습니다
Port Number 81
익명 님이 접속하였습니다.
익명님이 나가셨습니다.
익명 님이 접속하였습니다.
Backend Server가 실행되었습니다
events.js:291
      throw er; // Unhandled 'error' event
      ^

Error: listen EADDRINUSE: address already in use :::81
    at Server.setupListenHandle [as _listen2] (net.js:1316:16)
    at listenInCluster (net.js:1364:12)
    at Server.listen (net.js:1450:7)
    at Object.<anonymous> (/var/www/html/JunTK/OnlineChat/Server.js:77:8)
    at Module._compile (internal/modules/cjs/loader.js:999:30)
    at Object.Module._extensions..js (internal/modules/cjs/loader.js:1027:10)
    at Module.load (internal/modules/cjs/loader.js:863:32)
    at Function.Module._load (internal/modules/cjs/loader.js:708:14)
    at Function.executeUserEntryPoint [as runMain] (internal/modules/run_main.js:60:12)
    at internal/main/run_main_module.js:17:47
Emitted 'error' event on Server instance at:
    at emitErrorNT (net.js:1343:8)
    at processTicksAndRejections (internal/process/task_queues.js:84:21) {
  code: 'EADDRINUSE',
  errno: 'EADDRINUSE',
  syscall: 'listen',
  address: '::',
  port: 81
}
익명님이 나가셨습니다.
익명 님이 접속하였습니다.
Backend Server가 실행되었습니다
Port Number 81
undefined님이 나가셨습니다.
undefined님이 나가셨습니다.
익명 님이 접속하였습니다.
Backend Server가 실행되었습니다
Port Number 81
익명 님이 접속하였습니다.
익명님이 나가셨습니다.
undefined님이 나가셨습니다.
익명 님이 접속하였습니다.
익명님이 나가셨습니다.
